[2023-11-12 00:06:05,112] INFO Reading configuration from: config\zookeeper.properties (org.apache.zookeeper.server.quorum.QuorumPeerConfig)
[2023-11-12 00:06:05,115] WARN config\zookeeper.properties is relative. Prepend .\ to indicate that you're sure! (org.apache.zookeeper.server.quorum.QuorumPeerConfig)
[2023-11-12 00:06:05,116] WARN \tmp\zookeeper is relative. Prepend .\ to indicate that you're sure! (org.apache.zookeeper.server.quorum.QuorumPeerConfig)
[2023-11-12 00:06:05,122] INFO clientPortAddress is 0.0.0.0:2181 (org.apache.zookeeper.server.quorum.QuorumPeerConfig)
[2023-11-12 00:06:05,123] INFO secureClientPort is not set (org.apache.zookeeper.server.quorum.QuorumPeerConfig)
[2023-11-12 00:06:05,125] INFO autopurge.snapRetainCount set to 3 (org.apache.zookeeper.server.DatadirCleanupManager)
[2023-11-12 00:06:05,126] INFO autopurge.purgeInterval set to 0 (org.apache.zookeeper.server.DatadirCleanupManager)
[2023-11-12 00:06:05,126] INFO Purge task is not scheduled. (org.apache.zookeeper.server.DatadirCleanupManager)
[2023-11-12 00:06:05,126] WARN Either no config or no quorum defined in config, running  in standalone mode (org.apache.zookeeper.server.quorum.QuorumPeerMain)
[2023-11-12 00:06:05,128] INFO Log4j found with jmx enabled. (org.apache.zookeeper.jmx.ManagedUtil)
[2023-11-12 00:06:05,146] INFO Reading configuration from: config\zookeeper.properties (org.apache.zookeeper.server.quorum.QuorumPeerConfig)
[2023-11-12 00:06:05,146] WARN config\zookeeper.properties is relative. Prepend .\ to indicate that you're sure! (org.apache.zookeeper.server.quorum.QuorumPeerConfig)
[2023-11-12 00:06:05,147] WARN \tmp\zookeeper is relative. Prepend .\ to indicate that you're sure! (org.apache.zookeeper.server.quorum.QuorumPeerConfig)
[2023-11-12 00:06:05,149] INFO clientPortAddress is 0.0.0.0:2181 (org.apache.zookeeper.server.quorum.QuorumPeerConfig)
[2023-11-12 00:06:05,149] INFO secureClientPort is not set (org.apache.zookeeper.server.quorum.QuorumPeerConfig)
[2023-11-12 00:06:05,150] INFO Starting server (org.apache.zookeeper.server.ZooKeeperServerMain)
[2023-11-12 00:06:05,153] INFO zookeeper.snapshot.trust.empty : false (org.apache.zookeeper.server.persistence.FileTxnSnapLog)
[2023-11-12 00:06:09,706] INFO Server environment:zookeeper.version=3.5.7-f0fdd52973d373ffd9c86b81d99842dc2c7f660e, built on 02/10/2020 11:30 GMT (org.apache.zookeeper.server.ZooKeeperServer)
[2023-11-12 00:06:09,707] INFO Server environment:host.name=DESKTOP-3LEKA0R (org.apache.zookeeper.server.ZooKeeperServer)
[2023-11-12 00:06:09,713] INFO Server environment:java.version=11.0.15 (org.apache.zookeeper.server.ZooKeeperServer)
[2023-11-12 00:06:09,718] INFO Server environment:java.vendor=Oracle Corporation (org.apache.zookeeper.server.ZooKeeperServer)
[2023-11-12 00:06:09,720] INFO Server environment:java.home=C:\Program Files\Java\jdk-11.0.15 (org.apache.zookeeper.server.ZooKeeperServer)
[2023-11-12 00:06:09,723] INFO Server environment:java.class.path=D:\Git\test\kafka\tool\kafka\libs\activation-1.1.1.jar;D:\Git\test\kafka\tool\kafka\libs\aopalliance-repackaged-2.5.0.jar;D:\Git\test\kafka\tool\kafka\libs\argparse4j-0.7.0.jar;D:\Git\test\kafka\tool\kafka\libs\audience-annotations-0.5.0.jar;D:\Git\test\kafka\tool\kafka\libs\commons-cli-1.4.jar;D:\Git\test\kafka\tool\kafka\libs\commons-lang3-3.8.1.jar;D:\Git\test\kafka\tool\kafka\libs\connect-api-2.5.0.jar;D:\Git\test\kafka\tool\kafka\libs\connect-basic-auth-extension-2.5.0.jar;D:\Git\test\kafka\tool\kafka\libs\connect-file-2.5.0.jar;D:\Git\test\kafka\tool\kafka\libs\connect-json-2.5.0.jar;D:\Git\test\kafka\tool\kafka\libs\connect-mirror-2.5.0.jar;D:\Git\test\kafka\tool\kafka\libs\connect-mirror-client-2.5.0.jar;D:\Git\test\kafka\tool\kafka\libs\connect-runtime-2.5.0.jar;D:\Git\test\kafka\tool\kafka\libs\connect-transforms-2.5.0.jar;D:\Git\test\kafka\tool\kafka\libs\hk2-api-2.5.0.jar;D:\Git\test\kafka\tool\kafka\libs\hk2-locator-2.5.0.jar;D:\Git\test\kafka\tool\kafka\libs\hk2-utils-2.5.0.jar;D:\Git\test\kafka\tool\kafka\libs\jackson-annotations-2.10.2.jar;D:\Git\test\kafka\tool\kafka\libs\jackson-core-2.10.2.jar;D:\Git\test\kafka\tool\kafka\libs\jackson-databind-2.10.2.jar;D:\Git\test\kafka\tool\kafka\libs\jackson-dataformat-csv-2.10.2.jar;D:\Git\test\kafka\tool\kafka\libs\jackson-datatype-jdk8-2.10.2.jar;D:\Git\test\kafka\tool\kafka\libs\jackson-jaxrs-base-2.10.2.jar;D:\Git\test\kafka\tool\kafka\libs\jackson-jaxrs-json-provider-2.10.2.jar;D:\Git\test\kafka\tool\kafka\libs\jackson-module-jaxb-annotations-2.10.2.jar;D:\Git\test\kafka\tool\kafka\libs\jackson-module-paranamer-2.10.2.jar;D:\Git\test\kafka\tool\kafka\libs\jackson-module-scala_2.12-2.10.2.jar;D:\Git\test\kafka\tool\kafka\libs\jakarta.activation-api-1.2.1.jar;D:\Git\test\kafka\tool\kafka\libs\jakarta.annotation-api-1.3.4.jar;D:\Git\test\kafka\tool\kafka\libs\jakarta.inject-2.5.0.jar;D:\Git\test\kafka\tool\kafka\libs\jakarta.ws.rs-api-2.1.5.jar;D:\Git\test\kafka\tool\kafka\libs\jakarta.xml.bind-api-2.3.2.jar;D:\Git\test\kafka\tool\kafka\libs\javassist-3.22.0-CR2.jar;D:\Git\test\kafka\tool\kafka\libs\javassist-3.26.0-GA.jar;D:\Git\test\kafka\tool\kafka\libs\javax.servlet-api-3.1.0.jar;D:\Git\test\kafka\tool\kafka\libs\javax.ws.rs-api-2.1.1.jar;D:\Git\test\kafka\tool\kafka\libs\jaxb-api-2.3.0.jar;D:\Git\test\kafka\tool\kafka\libs\jersey-client-2.28.jar;D:\Git\test\kafka\tool\kafka\libs\jersey-common-2.28.jar;D:\Git\test\kafka\tool\kafka\libs\jersey-container-servlet-2.28.jar;D:\Git\test\kafka\tool\kafka\libs\jersey-container-servlet-core-2.28.jar;D:\Git\test\kafka\tool\kafka\libs\jersey-hk2-2.28.jar;D:\Git\test\kafka\tool\kafka\libs\jersey-media-jaxb-2.28.jar;D:\Git\test\kafka\tool\kafka\libs\jersey-server-2.28.jar;D:\Git\test\kafka\tool\kafka\libs\jetty-client-9.4.24.v20191120.jar;D:\Git\test\kafka\tool\kafka\libs\jetty-continuation-9.4.24.v20191120.jar;D:\Git\test\kafka\tool\kafka\libs\jetty-http-9.4.24.v20191120.jar;D:\Git\test\kafka\tool\kafka\libs\jetty-io-9.4.24.v20191120.jar;D:\Git\test\kafka\tool\kafka\libs\jetty-security-9.4.24.v20191120.jar;D:\Git\test\kafka\tool\kafka\libs\jetty-server-9.4.24.v20191120.jar;D:\Git\test\kafka\tool\kafka\libs\jetty-servlet-9.4.24.v20191120.jar;D:\Git\test\kafka\tool\kafka\libs\jetty-servlets-9.4.24.v20191120.jar;D:\Git\test\kafka\tool\kafka\libs\jetty-util-9.4.24.v20191120.jar;D:\Git\test\kafka\tool\kafka\libs\jopt-simple-5.0.4.jar;D:\Git\test\kafka\tool\kafka\libs\kafka-clients-2.5.0.jar;D:\Git\test\kafka\tool\kafka\libs\kafka-log4j-appender-2.5.0.jar;D:\Git\test\kafka\tool\kafka\libs\kafka-streams-2.5.0.jar;D:\Git\test\kafka\tool\kafka\libs\kafka-streams-examples-2.5.0.jar;D:\Git\test\kafka\tool\kafka\libs\kafka-streams-scala_2.12-2.5.0.jar;D:\Git\test\kafka\tool\kafka\libs\kafka-streams-test-utils-2.5.0.jar;D:\Git\test\kafka\tool\kafka\libs\kafka-tools-2.5.0.jar;D:\Git\test\kafka\tool\kafka\libs\kafka_2.12-2.5.0-javadoc.jar;D:\Git\test\kafka\tool\kafka\libs\kafka_2.12-2.5.0-javadoc.jar.asc;D:\Git\test\kafka\tool\kafka\libs\kafka_2.12-2.5.0-scaladoc.jar;D:\Git\test\kafka\tool\kafka\libs\kafka_2.12-2.5.0-scaladoc.jar.asc;D:\Git\test\kafka\tool\kafka\libs\kafka_2.12-2.5.0-sources.jar;D:\Git\test\kafka\tool\kafka\libs\kafka_2.12-2.5.0-sources.jar.asc;D:\Git\test\kafka\tool\kafka\libs\kafka_2.12-2.5.0-test-sources.jar;D:\Git\test\kafka\tool\kafka\libs\kafka_2.12-2.5.0-test-sources.jar.asc;D:\Git\test\kafka\tool\kafka\libs\kafka_2.12-2.5.0-test.jar;D:\Git\test\kafka\tool\kafka\libs\kafka_2.12-2.5.0-test.jar.asc;D:\Git\test\kafka\tool\kafka\libs\kafka_2.12-2.5.0.jar;D:\Git\test\kafka\tool\kafka\libs\kafka_2.12-2.5.0.jar.asc;D:\Git\test\kafka\tool\kafka\libs\log4j-1.2.17.jar;D:\Git\test\kafka\tool\kafka\libs\lz4-java-1.7.1.jar;D:\Git\test\kafka\tool\kafka\libs\maven-artifact-3.6.3.jar;D:\Git\test\kafka\tool\kafka\libs\metrics-core-2.2.0.jar;D:\Git\test\kafka\tool\kafka\libs\netty-buffer-4.1.45.Final.jar;D:\Git\test\kafka\tool\kafka\libs\netty-codec-4.1.45.Final.jar;D:\Git\test\kafka\tool\kafka\libs\netty-common-4.1.45.Final.jar;D:\Git\test\kafka\tool\kafka\libs\netty-handler-4.1.45.Final.jar;D:\Git\test\kafka\tool\kafka\libs\netty-resolver-4.1.45.Final.jar;D:\Git\test\kafka\tool\kafka\libs\netty-transport-4.1.45.Final.jar;D:\Git\test\kafka\tool\kafka\libs\netty-transport-native-epoll-4.1.45.Final.jar;D:\Git\test\kafka\tool\kafka\libs\netty-transport-native-unix-common-4.1.45.Final.jar;D:\Git\test\kafka\tool\kafka\libs\osgi-resource-locator-1.0.1.jar;D:\Git\test\kafka\tool\kafka\libs\paranamer-2.8.jar;D:\Git\test\kafka\tool\kafka\libs\plexus-utils-3.2.1.jar;D:\Git\test\kafka\tool\kafka\libs\reflections-0.9.12.jar;D:\Git\test\kafka\tool\kafka\libs\rocksdbjni-5.18.3.jar;D:\Git\test\kafka\tool\kafka\libs\scala-collection-compat_2.12-2.1.3.jar;D:\Git\test\kafka\tool\kafka\libs\scala-java8-compat_2.12-0.9.0.jar;D:\Git\test\kafka\tool\kafka\libs\scala-library-2.12.10.jar;D:\Git\test\kafka\tool\kafka\libs\scala-logging_2.12-3.9.2.jar;D:\Git\test\kafka\tool\kafka\libs\scala-reflect-2.12.10.jar;D:\Git\test\kafka\tool\kafka\libs\slf4j-api-1.7.30.jar;D:\Git\test\kafka\tool\kafka\libs\slf4j-log4j12-1.7.30.jar;D:\Git\test\kafka\tool\kafka\libs\snappy-java-1.1.7.3.jar;D:\Git\test\kafka\tool\kafka\libs\validation-api-2.0.1.Final.jar;D:\Git\test\kafka\tool\kafka\libs\zookeeper-3.5.7.jar;D:\Git\test\kafka\tool\kafka\libs\zookeeper-jute-3.5.7.jar;D:\Git\test\kafka\tool\kafka\libs\zstd-jni-1.4.4-7.jar (org.apache.zookeeper.server.ZooKeeperServer)
[2023-11-12 00:06:09,727] INFO Server environment:java.library.path=C:\Program Files\Java\jdk-11.0.15\bin;C:\WINDOWS\Sun\Java\bin;C:\WINDOWS\system32;C:\WINDOWS;C:\Program Files (x86)\Common Files\Oracle\Java\javapath;C:\oraclexe\app\oracle\product\11.2.0\server\bin;C:\Program Files (x86)\NAT Service;C:\Program Files\Common Files\Oracle\Java\javapath;C:\WINDOWS\system32;C:\WINDOWS;C:\WINDOWS\System32\Wbem;C:\WINDOWS\System32\WindowsPowerShell\v1.0\;C:\WINDOWS\System32\OpenSSH\;C:\Program Files (x86)\Pulse Secure\VC142.CRT\X64\;C:\Program Files (x86)\Pulse Secure\VC142.CRT\X86\;C:\Program Files (x86)\NVIDIA Corporation\PhysX\Common;C:\Program Files\Java\jdk-11.0.15\bin;C:\Users\dgk\AppData\Roaming\nvm;C:\Program Files\nodejs;C:\HashiCorp\Vagrant\bin;C:\Program Files\Docker\Docker\resources\bin;C:\Program Files\Git\cmd;C:\Program Files\NVIDIA Corporation\NVIDIA NvDLISR;C:\Program Files\MySQL\MySQL Shell 8.0\bin\;C:\Users\dgk\AppData\Local\Microsoft\WindowsApps;C:\Users\dgk\AppData\Local\Programs\EmEditor;C:\Microsoft VS Code\bin;C:\Users\dgk\AppData\Roaming\nvm;C:\Program Files\nodejs;;C:\Program Files (x86)\ESTsoft\ALSee\x64;. (org.apache.zookeeper.server.ZooKeeperServer)
[2023-11-12 00:06:09,729] INFO Server environment:java.io.tmpdir=C:\Users\dgk\AppData\Local\Temp\ (org.apache.zookeeper.server.ZooKeeperServer)
[2023-11-12 00:06:09,730] INFO Server environment:java.compiler=<NA> (org.apache.zookeeper.server.ZooKeeperServer)
[2023-11-12 00:06:09,731] INFO Server environment:os.name=Windows 10 (org.apache.zookeeper.server.ZooKeeperServer)
[2023-11-12 00:06:09,732] INFO Server environment:os.arch=amd64 (org.apache.zookeeper.server.ZooKeeperServer)
[2023-11-12 00:06:09,733] INFO Server environment:os.version=10.0 (org.apache.zookeeper.server.ZooKeeperServer)
[2023-11-12 00:06:09,733] INFO Server environment:user.name=dgk (org.apache.zookeeper.server.ZooKeeperServer)
[2023-11-12 00:06:09,733] INFO Server environment:user.home=C:\Users\dgk (org.apache.zookeeper.server.ZooKeeperServer)
[2023-11-12 00:06:09,734] INFO Server environment:user.dir=D:\Git\test\kafka\tool\kafka (org.apache.zookeeper.server.ZooKeeperServer)
[2023-11-12 00:06:09,735] INFO Server environment:os.memory.free=494MB (org.apache.zookeeper.server.ZooKeeperServer)
[2023-11-12 00:06:09,737] INFO Server environment:os.memory.max=512MB (org.apache.zookeeper.server.ZooKeeperServer)
[2023-11-12 00:06:09,738] INFO Server environment:os.memory.total=512MB (org.apache.zookeeper.server.ZooKeeperServer)
[2023-11-12 00:06:09,740] INFO minSessionTimeout set to 6000 (org.apache.zookeeper.server.ZooKeeperServer)
[2023-11-12 00:06:09,740] INFO maxSessionTimeout set to 60000 (org.apache.zookeeper.server.ZooKeeperServer)
[2023-11-12 00:06:09,741] INFO Created server with tickTime 3000 minSessionTimeout 6000 maxSessionTimeout 60000 datadir \tmp\zookeeper\version-2 snapdir \tmp\zookeeper\version-2 (org.apache.zookeeper.server.ZooKeeperServer)
[2023-11-12 00:06:09,763] INFO Using org.apache.zookeeper.server.NIOServerCnxnFactory as server connection factory (org.apache.zookeeper.server.ServerCnxnFactory)
[2023-11-12 00:06:09,767] INFO Configuring NIO connection handler with 10s sessionless connection timeout, 2 selector thread(s), 16 worker threads, and 64 kB direct buffers. (org.apache.zookeeper.server.NIOServerCnxnFactory)
[2023-11-12 00:06:09,771] INFO binding to port 0.0.0.0/0.0.0.0:2181 (org.apache.zookeeper.server.NIOServerCnxnFactory)
[2023-11-12 00:06:09,784] INFO zookeeper.snapshotSizeFactor = 0.33 (org.apache.zookeeper.server.ZKDatabase)
[2023-11-12 00:06:09,788] INFO Snapshotting: 0x0 to \tmp\zookeeper\version-2\snapshot.0 (org.apache.zookeeper.server.persistence.FileTxnSnapLog)
[2023-11-12 00:06:09,792] INFO Snapshotting: 0x0 to \tmp\zookeeper\version-2\snapshot.0 (org.apache.zookeeper.server.persistence.FileTxnSnapLog)
[2023-11-12 00:06:09,808] INFO Using checkIntervalMs=60000 maxPerMinute=10000 (org.apache.zookeeper.server.ContainerManager)
[2023-11-12 00:06:21,479] INFO Registered kafka:type=kafka.Log4jController MBean (kafka.utils.Log4jControllerRegistration$)
[2023-11-12 00:06:21,852] INFO Setting -D jdk.tls.rejectClientInitiatedRenegotiation=true to disable client-initiated TLS renegotiation (org.apache.zookeeper.common.X509Util)
[2023-11-12 00:06:21,883] INFO starting (kafka.server.KafkaServer)
[2023-11-12 00:06:21,884] INFO Connecting to zookeeper on localhost:2181 (kafka.server.KafkaServer)
[2023-11-12 00:06:21,908] INFO [ZooKeeperClient Kafka server] Initializing a new session to localhost:2181. (kafka.zookeeper.ZooKeeperClient)
[2023-11-12 00:06:26,440] INFO Client environment:zookeeper.version=3.5.7-f0fdd52973d373ffd9c86b81d99842dc2c7f660e, built on 02/10/2020 11:30 GMT (org.apache.zookeeper.ZooKeeper)
[2023-11-12 00:06:26,440] INFO Client environment:host.name=DESKTOP-3LEKA0R (org.apache.zookeeper.ZooKeeper)
[2023-11-12 00:06:26,441] INFO Client environment:java.version=11.0.15 (org.apache.zookeeper.ZooKeeper)
[2023-11-12 00:06:26,441] INFO Client environment:java.vendor=Oracle Corporation (org.apache.zookeeper.ZooKeeper)
[2023-11-12 00:06:26,442] INFO Client environment:java.home=C:\Program Files\Java\jdk-11.0.15 (org.apache.zookeeper.ZooKeeper)
[2023-11-12 00:06:26,442] INFO Client environment:java.class.path=D:\Git\test\kafka\tool\kafka\libs\activation-1.1.1.jar;D:\Git\test\kafka\tool\kafka\libs\aopalliance-repackaged-2.5.0.jar;D:\Git\test\kafka\tool\kafka\libs\argparse4j-0.7.0.jar;D:\Git\test\kafka\tool\kafka\libs\audience-annotations-0.5.0.jar;D:\Git\test\kafka\tool\kafka\libs\commons-cli-1.4.jar;D:\Git\test\kafka\tool\kafka\libs\commons-lang3-3.8.1.jar;D:\Git\test\kafka\tool\kafka\libs\connect-api-2.5.0.jar;D:\Git\test\kafka\tool\kafka\libs\connect-basic-auth-extension-2.5.0.jar;D:\Git\test\kafka\tool\kafka\libs\connect-file-2.5.0.jar;D:\Git\test\kafka\tool\kafka\libs\connect-json-2.5.0.jar;D:\Git\test\kafka\tool\kafka\libs\connect-mirror-2.5.0.jar;D:\Git\test\kafka\tool\kafka\libs\connect-mirror-client-2.5.0.jar;D:\Git\test\kafka\tool\kafka\libs\connect-runtime-2.5.0.jar;D:\Git\test\kafka\tool\kafka\libs\connect-transforms-2.5.0.jar;D:\Git\test\kafka\tool\kafka\libs\hk2-api-2.5.0.jar;D:\Git\test\kafka\tool\kafka\libs\hk2-locator-2.5.0.jar;D:\Git\test\kafka\tool\kafka\libs\hk2-utils-2.5.0.jar;D:\Git\test\kafka\tool\kafka\libs\jackson-annotations-2.10.2.jar;D:\Git\test\kafka\tool\kafka\libs\jackson-core-2.10.2.jar;D:\Git\test\kafka\tool\kafka\libs\jackson-databind-2.10.2.jar;D:\Git\test\kafka\tool\kafka\libs\jackson-dataformat-csv-2.10.2.jar;D:\Git\test\kafka\tool\kafka\libs\jackson-datatype-jdk8-2.10.2.jar;D:\Git\test\kafka\tool\kafka\libs\jackson-jaxrs-base-2.10.2.jar;D:\Git\test\kafka\tool\kafka\libs\jackson-jaxrs-json-provider-2.10.2.jar;D:\Git\test\kafka\tool\kafka\libs\jackson-module-jaxb-annotations-2.10.2.jar;D:\Git\test\kafka\tool\kafka\libs\jackson-module-paranamer-2.10.2.jar;D:\Git\test\kafka\tool\kafka\libs\jackson-module-scala_2.12-2.10.2.jar;D:\Git\test\kafka\tool\kafka\libs\jakarta.activation-api-1.2.1.jar;D:\Git\test\kafka\tool\kafka\libs\jakarta.annotation-api-1.3.4.jar;D:\Git\test\kafka\tool\kafka\libs\jakarta.inject-2.5.0.jar;D:\Git\test\kafka\tool\kafka\libs\jakarta.ws.rs-api-2.1.5.jar;D:\Git\test\kafka\tool\kafka\libs\jakarta.xml.bind-api-2.3.2.jar;D:\Git\test\kafka\tool\kafka\libs\javassist-3.22.0-CR2.jar;D:\Git\test\kafka\tool\kafka\libs\javassist-3.26.0-GA.jar;D:\Git\test\kafka\tool\kafka\libs\javax.servlet-api-3.1.0.jar;D:\Git\test\kafka\tool\kafka\libs\javax.ws.rs-api-2.1.1.jar;D:\Git\test\kafka\tool\kafka\libs\jaxb-api-2.3.0.jar;D:\Git\test\kafka\tool\kafka\libs\jersey-client-2.28.jar;D:\Git\test\kafka\tool\kafka\libs\jersey-common-2.28.jar;D:\Git\test\kafka\tool\kafka\libs\jersey-container-servlet-2.28.jar;D:\Git\test\kafka\tool\kafka\libs\jersey-container-servlet-core-2.28.jar;D:\Git\test\kafka\tool\kafka\libs\jersey-hk2-2.28.jar;D:\Git\test\kafka\tool\kafka\libs\jersey-media-jaxb-2.28.jar;D:\Git\test\kafka\tool\kafka\libs\jersey-server-2.28.jar;D:\Git\test\kafka\tool\kafka\libs\jetty-client-9.4.24.v20191120.jar;D:\Git\test\kafka\tool\kafka\libs\jetty-continuation-9.4.24.v20191120.jar;D:\Git\test\kafka\tool\kafka\libs\jetty-http-9.4.24.v20191120.jar;D:\Git\test\kafka\tool\kafka\libs\jetty-io-9.4.24.v20191120.jar;D:\Git\test\kafka\tool\kafka\libs\jetty-security-9.4.24.v20191120.jar;D:\Git\test\kafka\tool\kafka\libs\jetty-server-9.4.24.v20191120.jar;D:\Git\test\kafka\tool\kafka\libs\jetty-servlet-9.4.24.v20191120.jar;D:\Git\test\kafka\tool\kafka\libs\jetty-servlets-9.4.24.v20191120.jar;D:\Git\test\kafka\tool\kafka\libs\jetty-util-9.4.24.v20191120.jar;D:\Git\test\kafka\tool\kafka\libs\jopt-simple-5.0.4.jar;D:\Git\test\kafka\tool\kafka\libs\kafka-clients-2.5.0.jar;D:\Git\test\kafka\tool\kafka\libs\kafka-log4j-appender-2.5.0.jar;D:\Git\test\kafka\tool\kafka\libs\kafka-streams-2.5.0.jar;D:\Git\test\kafka\tool\kafka\libs\kafka-streams-examples-2.5.0.jar;D:\Git\test\kafka\tool\kafka\libs\kafka-streams-scala_2.12-2.5.0.jar;D:\Git\test\kafka\tool\kafka\libs\kafka-streams-test-utils-2.5.0.jar;D:\Git\test\kafka\tool\kafka\libs\kafka-tools-2.5.0.jar;D:\Git\test\kafka\tool\kafka\libs\kafka_2.12-2.5.0-javadoc.jar;D:\Git\test\kafka\tool\kafka\libs\kafka_2.12-2.5.0-javadoc.jar.asc;D:\Git\test\kafka\tool\kafka\libs\kafka_2.12-2.5.0-scaladoc.jar;D:\Git\test\kafka\tool\kafka\libs\kafka_2.12-2.5.0-scaladoc.jar.asc;D:\Git\test\kafka\tool\kafka\libs\kafka_2.12-2.5.0-sources.jar;D:\Git\test\kafka\tool\kafka\libs\kafka_2.12-2.5.0-sources.jar.asc;D:\Git\test\kafka\tool\kafka\libs\kafka_2.12-2.5.0-test-sources.jar;D:\Git\test\kafka\tool\kafka\libs\kafka_2.12-2.5.0-test-sources.jar.asc;D:\Git\test\kafka\tool\kafka\libs\kafka_2.12-2.5.0-test.jar;D:\Git\test\kafka\tool\kafka\libs\kafka_2.12-2.5.0-test.jar.asc;D:\Git\test\kafka\tool\kafka\libs\kafka_2.12-2.5.0.jar;D:\Git\test\kafka\tool\kafka\libs\kafka_2.12-2.5.0.jar.asc;D:\Git\test\kafka\tool\kafka\libs\log4j-1.2.17.jar;D:\Git\test\kafka\tool\kafka\libs\lz4-java-1.7.1.jar;D:\Git\test\kafka\tool\kafka\libs\maven-artifact-3.6.3.jar;D:\Git\test\kafka\tool\kafka\libs\metrics-core-2.2.0.jar;D:\Git\test\kafka\tool\kafka\libs\netty-buffer-4.1.45.Final.jar;D:\Git\test\kafka\tool\kafka\libs\netty-codec-4.1.45.Final.jar;D:\Git\test\kafka\tool\kafka\libs\netty-common-4.1.45.Final.jar;D:\Git\test\kafka\tool\kafka\libs\netty-handler-4.1.45.Final.jar;D:\Git\test\kafka\tool\kafka\libs\netty-resolver-4.1.45.Final.jar;D:\Git\test\kafka\tool\kafka\libs\netty-transport-4.1.45.Final.jar;D:\Git\test\kafka\tool\kafka\libs\netty-transport-native-epoll-4.1.45.Final.jar;D:\Git\test\kafka\tool\kafka\libs\netty-transport-native-unix-common-4.1.45.Final.jar;D:\Git\test\kafka\tool\kafka\libs\osgi-resource-locator-1.0.1.jar;D:\Git\test\kafka\tool\kafka\libs\paranamer-2.8.jar;D:\Git\test\kafka\tool\kafka\libs\plexus-utils-3.2.1.jar;D:\Git\test\kafka\tool\kafka\libs\reflections-0.9.12.jar;D:\Git\test\kafka\tool\kafka\libs\rocksdbjni-5.18.3.jar;D:\Git\test\kafka\tool\kafka\libs\scala-collection-compat_2.12-2.1.3.jar;D:\Git\test\kafka\tool\kafka\libs\scala-java8-compat_2.12-0.9.0.jar;D:\Git\test\kafka\tool\kafka\libs\scala-library-2.12.10.jar;D:\Git\test\kafka\tool\kafka\libs\scala-logging_2.12-3.9.2.jar;D:\Git\test\kafka\tool\kafka\libs\scala-reflect-2.12.10.jar;D:\Git\test\kafka\tool\kafka\libs\slf4j-api-1.7.30.jar;D:\Git\test\kafka\tool\kafka\libs\slf4j-log4j12-1.7.30.jar;D:\Git\test\kafka\tool\kafka\libs\snappy-java-1.1.7.3.jar;D:\Git\test\kafka\tool\kafka\libs\validation-api-2.0.1.Final.jar;D:\Git\test\kafka\tool\kafka\libs\zookeeper-3.5.7.jar;D:\Git\test\kafka\tool\kafka\libs\zookeeper-jute-3.5.7.jar;D:\Git\test\kafka\tool\kafka\libs\zstd-jni-1.4.4-7.jar (org.apache.zookeeper.ZooKeeper)
[2023-11-12 00:06:26,447] INFO Client environment:java.library.path=C:\Program Files\Java\jdk-11.0.15\bin;C:\WINDOWS\Sun\Java\bin;C:\WINDOWS\system32;C:\WINDOWS;C:\Program Files (x86)\Common Files\Oracle\Java\javapath;C:\oraclexe\app\oracle\product\11.2.0\server\bin;C:\Program Files (x86)\NAT Service;C:\Program Files\Common Files\Oracle\Java\javapath;C:\WINDOWS\system32;C:\WINDOWS;C:\WINDOWS\System32\Wbem;C:\WINDOWS\System32\WindowsPowerShell\v1.0\;C:\WINDOWS\System32\OpenSSH\;C:\Program Files (x86)\Pulse Secure\VC142.CRT\X64\;C:\Program Files (x86)\Pulse Secure\VC142.CRT\X86\;C:\Program Files (x86)\NVIDIA Corporation\PhysX\Common;C:\Program Files\Java\jdk-11.0.15\bin;C:\Users\dgk\AppData\Roaming\nvm;C:\Program Files\nodejs;C:\HashiCorp\Vagrant\bin;C:\Program Files\Docker\Docker\resources\bin;C:\Program Files\Git\cmd;C:\Program Files\NVIDIA Corporation\NVIDIA NvDLISR;C:\Program Files\MySQL\MySQL Shell 8.0\bin\;C:\Users\dgk\AppData\Local\Microsoft\WindowsApps;C:\Users\dgk\AppData\Local\Programs\EmEditor;C:\Microsoft VS Code\bin;C:\Users\dgk\AppData\Roaming\nvm;C:\Program Files\nodejs;;C:\Program Files (x86)\ESTsoft\ALSee\x64;. (org.apache.zookeeper.ZooKeeper)
[2023-11-12 00:06:26,449] INFO Client environment:java.io.tmpdir=C:\Users\dgk\AppData\Local\Temp\ (org.apache.zookeeper.ZooKeeper)
[2023-11-12 00:06:26,450] INFO Client environment:java.compiler=<NA> (org.apache.zookeeper.ZooKeeper)
[2023-11-12 00:06:26,452] INFO Client environment:os.name=Windows 10 (org.apache.zookeeper.ZooKeeper)
[2023-11-12 00:06:26,452] INFO Client environment:os.arch=amd64 (org.apache.zookeeper.ZooKeeper)
[2023-11-12 00:06:26,453] INFO Client environment:os.version=10.0 (org.apache.zookeeper.ZooKeeper)
[2023-11-12 00:06:26,454] INFO Client environment:user.name=dgk (org.apache.zookeeper.ZooKeeper)
[2023-11-12 00:06:26,454] INFO Client environment:user.home=C:\Users\dgk (org.apache.zookeeper.ZooKeeper)
[2023-11-12 00:06:26,455] INFO Client environment:user.dir=D:\Git\test\kafka\tool\kafka (org.apache.zookeeper.ZooKeeper)
[2023-11-12 00:06:26,458] INFO Client environment:os.memory.free=1015MB (org.apache.zookeeper.ZooKeeper)
[2023-11-12 00:06:26,458] INFO Client environment:os.memory.max=1024MB (org.apache.zookeeper.ZooKeeper)
[2023-11-12 00:06:26,459] INFO Client environment:os.memory.total=1024MB (org.apache.zookeeper.ZooKeeper)
[2023-11-12 00:06:26,462] INFO Initiating client connection, connectString=localhost:2181 sessionTimeout=18000 watcher=kafka.zookeeper.ZooKeeperClient$ZooKeeperClientWatcher$@2250b9f2 (org.apache.zookeeper.ZooKeeper)
[2023-11-12 00:06:26,473] INFO jute.maxbuffer value is 4194304 Bytes (org.apache.zookeeper.ClientCnxnSocket)
[2023-11-12 00:06:26,478] INFO zookeeper.request.timeout value is 0. feature enabled= (org.apache.zookeeper.ClientCnxn)
[2023-11-12 00:06:26,481] INFO [ZooKeeperClient Kafka server] Waiting until connected. (kafka.zookeeper.ZooKeeperClient)
[2023-11-12 00:06:26,487] INFO Opening socket connection to server localhost/0:0:0:0:0:0:0:1:2181. Will not attempt to authenticate using SASL (unknown error) (org.apache.zookeeper.ClientCnxn)
[2023-11-12 00:06:26,491] INFO Socket connection established, initiating session, client: /0:0:0:0:0:0:0:1:64727, server: localhost/0:0:0:0:0:0:0:1:2181 (org.apache.zookeeper.ClientCnxn)
[2023-11-12 00:06:26,500] INFO Creating new log file: log.1 (org.apache.zookeeper.server.persistence.FileTxnLog)
[2023-11-12 00:06:26,586] INFO Session establishment complete on server localhost/0:0:0:0:0:0:0:1:2181, sessionid = 0x100236360220000, negotiated timeout = 18000 (org.apache.zookeeper.ClientCnxn)
[2023-11-12 00:06:26,589] INFO [ZooKeeperClient Kafka server] Connected. (kafka.zookeeper.ZooKeeperClient)
[2023-11-12 00:06:27,165] INFO Cluster ID = -2C96zXDQySVKLpApSCmaA (kafka.server.KafkaServer)
[2023-11-12 00:06:27,182] ERROR Fatal error during KafkaServer startup. Prepare to shutdown (kafka.server.KafkaServer)
kafka.common.InconsistentClusterIdException: The Cluster ID -2C96zXDQySVKLpApSCmaA doesn't match stored clusterId Some(ZD37nUk0Ti6Er8kvycnD7w) in meta.properties. The broker is trying to join the wrong cluster. Configured zookeeper.connect may be wrong.
	at kafka.server.KafkaServer.startup(KafkaServer.scala:223)
	at kafka.server.KafkaServerStartable.startup(KafkaServerStartable.scala:44)
	at kafka.Kafka$.main(Kafka.scala:82)
	at kafka.Kafka.main(Kafka.scala)
[2023-11-12 00:06:27,184] INFO shutting down (kafka.server.KafkaServer)
[2023-11-12 00:06:27,187] INFO [ZooKeeperClient Kafka server] Closing. (kafka.zookeeper.ZooKeeperClient)
[2023-11-12 00:06:27,309] INFO Session: 0x100236360220000 closed (org.apache.zookeeper.ZooKeeper)
[2023-11-12 00:06:27,310] INFO EventThread shut down for session: 0x100236360220000 (org.apache.zookeeper.ClientCnxn)
[2023-11-12 00:06:27,312] INFO [ZooKeeperClient Kafka server] Closed. (kafka.zookeeper.ZooKeeperClient)
[2023-11-12 00:06:27,320] INFO shut down completed (kafka.server.KafkaServer)
[2023-11-12 00:06:27,321] ERROR Exiting Kafka. (kafka.server.KafkaServerStartable)
[2023-11-12 00:06:27,323] INFO shutting down (kafka.server.KafkaServer)
